05/08/2019 05:28:22 PM INFO     Started
05/08/2019 05:28:22 PM DEBUG    hostName=srv-tnormap1-pg01
05/08/2019 05:28:22 PM DEBUG    portNumber=5432
05/08/2019 05:28:22 PM DEBUG    database=postgres
05/08/2019 05:28:22 PM DEBUG    username=pgmonitor
05/08/2019 05:28:22 PM DEBUG    password=pgmonitor
05/08/2019 05:28:23 PM DEBUG    sqlText = SELECT
sum(heap_blks_hit) / (sum(heap_blks_hit) + sum(heap_blks_read)) as ratio
FROM
pg_statio_user_tables;
05/08/2019 05:28:23 PM DEBUG    desc = cache hit ratio
05/08/2019 05:28:23 PM DEBUG    column = ratio
05/08/2019 05:28:23 PM DEBUG    ok_min_value = 90
05/08/2019 05:28:23 PM DEBUG    ok_max_value = 100
05/08/2019 05:28:23 PM DEBUG    warning_min_value = 80
05/08/2019 05:28:23 PM DEBUG    warning_max_value = 90
05/08/2019 05:28:23 PM DEBUG    result=0.9778395949240483
05/08/2019 05:28:23 PM DEBUG    resultSql=0.9778395949240483
05/08/2019 05:28:56 PM INFO     Started
05/08/2019 05:28:56 PM DEBUG    hostName=srv-tnormap1-pg01
05/08/2019 05:28:56 PM DEBUG    portNumber=5432
05/08/2019 05:28:56 PM DEBUG    database=postgres
05/08/2019 05:28:56 PM DEBUG    username=pgmonitor
05/08/2019 05:28:56 PM DEBUG    password=pgmonitor
05/08/2019 05:28:56 PM DEBUG    sqlText = SELECT
sum(heap_blks_hit) / (sum(heap_blks_hit) + sum(heap_blks_read)) as ratio
FROM
pg_statio_user_tables;
05/08/2019 05:28:56 PM DEBUG    desc = cache hit ratio
05/08/2019 05:28:56 PM DEBUG    column = ratio
05/08/2019 05:28:56 PM DEBUG    ok_min_value = 90
05/08/2019 05:28:56 PM DEBUG    ok_max_value = 100
05/08/2019 05:28:56 PM DEBUG    warning_min_value = 80
05/08/2019 05:28:56 PM DEBUG    warning_max_value = 90
05/08/2019 05:28:56 PM DEBUG    result=0.9778395949240483
05/08/2019 05:28:56 PM DEBUG    resultSql=0.9778395949240483
05/08/2019 05:28:56 PM INFO     cache hit ratio Error
05/08/2019 05:29:52 PM INFO     Started
05/08/2019 05:29:52 PM DEBUG    hostName=srv-tnormap1-pg01
05/08/2019 05:29:52 PM DEBUG    portNumber=5432
05/08/2019 05:29:52 PM DEBUG    database=postgres
05/08/2019 05:29:52 PM DEBUG    username=pgmonitor
05/08/2019 05:29:52 PM DEBUG    password=pgmonitor
05/08/2019 05:29:52 PM DEBUG    sqlText = SELECT
sum(heap_blks_hit) / (sum(heap_blks_hit) + sum(heap_blks_read)) as ratio
FROM
pg_statio_user_tables;
05/08/2019 05:29:52 PM DEBUG    desc = cache hit ratio
05/08/2019 05:29:52 PM DEBUG    column = ratio
05/08/2019 05:29:52 PM DEBUG    ok_min_value = 90
05/08/2019 05:29:52 PM DEBUG    ok_max_value = 100
05/08/2019 05:29:52 PM DEBUG    warning_min_value = 80
05/08/2019 05:29:52 PM DEBUG    warning_max_value = 90
05/08/2019 05:29:52 PM DEBUG    result=0.9778395949240483
05/08/2019 05:29:52 PM DEBUG    resultSql=0.9778395949240483
05/08/2019 05:29:52 PM INFO     cache hit ratio Error Value=0.9778395949240483
05/08/2019 05:30:12 PM INFO     Started
05/08/2019 05:30:12 PM DEBUG    hostName=srv-tnormap1-pg01
05/08/2019 05:30:12 PM DEBUG    portNumber=5432
05/08/2019 05:30:12 PM DEBUG    database=postgres
05/08/2019 05:30:12 PM DEBUG    username=pgmonitor
05/08/2019 05:30:12 PM DEBUG    password=pgmonitor
05/08/2019 05:30:12 PM DEBUG    sqlText = SELECT
sum(heap_blks_hit) / (sum(heap_blks_hit) + sum(heap_blks_read)) as ratio
FROM
pg_statio_user_tables;
05/08/2019 05:30:12 PM DEBUG    desc = cache hit ratio
05/08/2019 05:30:12 PM DEBUG    column = ratio
05/08/2019 05:30:12 PM DEBUG    ok_min_value = 0.90
05/08/2019 05:30:12 PM DEBUG    ok_max_value = 1
05/08/2019 05:30:12 PM DEBUG    warning_min_value = 0.80
05/08/2019 05:30:12 PM DEBUG    warning_max_value = 0.90
05/08/2019 05:30:12 PM DEBUG    result=0.9778395949240483
05/08/2019 05:30:12 PM DEBUG    resultSql=0.9778395949240483
05/08/2019 05:30:36 PM INFO     Started
05/08/2019 05:30:36 PM DEBUG    hostName=srv-tnormap1-pg01
05/08/2019 05:30:36 PM DEBUG    portNumber=5432
05/08/2019 05:30:36 PM DEBUG    database=postgres
05/08/2019 05:30:36 PM DEBUG    username=pgmonitor
05/08/2019 05:30:36 PM DEBUG    password=pgmonitor
05/08/2019 05:30:36 PM DEBUG    sqlText = SELECT
sum(heap_blks_hit) / (sum(heap_blks_hit) + sum(heap_blks_read)) as ratio
FROM
pg_statio_user_tables;
05/08/2019 05:30:36 PM DEBUG    desc = cache hit ratio
05/08/2019 05:30:36 PM DEBUG    column = ratio
05/08/2019 05:30:36 PM DEBUG    ok_min_value = 0.90
05/08/2019 05:30:36 PM DEBUG    ok_max_value = 1
05/08/2019 05:30:36 PM DEBUG    warning_min_value = 0.80
05/08/2019 05:30:36 PM DEBUG    warning_max_value = 0.90
05/08/2019 05:30:36 PM DEBUG    result=0.9778395949240483
05/08/2019 05:30:36 PM DEBUG    resultSql=0.9778395949240483
05/08/2019 05:30:36 PM INFO     cache hit ratio OK
